<?xml version="1.0" encoding="UTF-8"?>
<!-- Generated by org.testng.reporters.JUnitXMLReporter -->
<testsuite ignored="0" hostname="VOKAP" failures="0" tests="2" name="Surefire test" time="15.803" errors="0" timestamp="2021-03-23T13:15:59 EET">
  <testcase classname="com.provectus.studentregistrationform.TestStudentRegistrationFormTestNG" name="submitForm" time="11.522"/>
  <testcase classname="com.provectus.studentregistrationform.TestStudentRegistrationFormTestNG" name="verifyMandatoryFields" time="1.223"/>
</testsuite> <!-- Surefire test -->
