<?xml version="1.0" encoding="UTF-8"?>
<!-- Generated by org.testng.reporters.JUnitXMLReporter -->
<testsuite ignored="0" hostname="VOKAP" failures="0" tests="2" name="Default test" time="18.376" errors="0" timestamp="2021-03-23T12:03:46 EET">
  <testcase classname="com.provectus.studentregistrationform.StudentRegistrationFormTestNG" name="submitForm" time="13.851"/>
  <testcase classname="com.provectus.studentregistrationform.StudentRegistrationFormTestNG" name="verifyMandatoryFields" time="1.217"/>
</testsuite> <!-- Default test -->
