<?xml version="1.0" encoding="UTF-8"?>
<testng-results ignored="0" total="2" passed="2" failed="0" skipped="0">
  <reporter-output>
  </reporter-output>
  <suite started-at="2021-03-23T13:15:43 EET" name="Surefire suite" finished-at="2021-03-23T13:15:59 EET" duration-ms="15803">
    <groups>
    </groups>
    <test started-at="2021-03-23T13:15:43 EET" name="Surefire test" finished-at="2021-03-23T13:15:59 EET" duration-ms="15803">
      <class name="com.provectus.studentregistrationform.TestStudentRegistrationFormTestNG">
        <test-method is-config="true" signature="setUp()[pri:0, instance:com.provectus.studentregistrationform.TestStudentRegistrationFormTestNG@3ffcd140]" started-at="2021-03-23T13:15:44 EET" name="setUp" finished-at="2021-03-23T13:15:46 EET" duration-ms="2245" status="PASS">
          <reporter-output>
          </reporter-output>
        </test-method> <!-- setUp -->
        <test-method signature="submitForm()[pri:0, instance:com.provectus.studentregistrationform.TestStudentRegistrationFormTestNG@3ffcd140]" started-at="2021-03-23T13:15:46 EET" name="submitForm" finished-at="2021-03-23T13:15:57 EET" duration-ms="11522" status="PASS">
          <reporter-output>
          </reporter-output>
        </test-method> <!-- submitForm -->
        <test-method signature="verifyMandatoryFields()[pri:0, instance:com.provectus.studentregistrationform.TestStudentRegistrationFormTestNG@3ffcd140]" started-at="2021-03-23T13:15:57 EET" name="verifyMandatoryFields" finished-at="2021-03-23T13:15:59 EET" duration-ms="1223" status="PASS">
          <reporter-output>
          </reporter-output>
        </test-method> <!-- verifyMandatoryFields -->
        <test-method is-config="true" signature="cleanUp()[pri:0, instance:com.provectus.studentregistrationform.TestStudentRegistrationFormTestNG@3ffcd140]" started-at="2021-03-23T13:15:59 EET" name="cleanUp" finished-at="2021-03-23T13:15:59 EET" duration-ms="770" status="PASS">
          <reporter-output>
          </reporter-output>
        </test-method> <!-- cleanUp -->
      </class> <!-- com.provectus.studentregistrationform.TestStudentRegistrationFormTestNG -->
    </test> <!-- Surefire test -->
  </suite> <!-- Surefire suite -->
</testng-results>
