<?xml version="1.0" encoding="UTF-8"?>
<testng-results ignored="0" total="2" passed="2" failed="0" skipped="0">
  <reporter-output>
  </reporter-output>
  <suite started-at="2021-03-23T12:43:43 EET" name="Surefire suite" finished-at="2021-03-23T12:43:59 EET" duration-ms="15411">
    <groups>
    </groups>
    <test started-at="2021-03-23T12:43:43 EET" name="Surefire test" finished-at="2021-03-23T12:43:59 EET" duration-ms="15411">
      <class name="com.provectus.studentregistrationform.TestStudentRegistrationFormTestNG">
        <test-method is-config="true" signature="setUp()[pri:0, instance:com.provectus.studentregistrationform.TestStudentRegistrationFormTestNG@1176dcec]" started-at="2021-03-23T12:43:43 EET" name="setUp" finished-at="2021-03-23T12:43:46 EET" duration-ms="2517" status="PASS">
          <reporter-output>
          </reporter-output>
        </test-method> <!-- setUp -->
        <test-method signature="submitForm()[pri:0, instance:com.provectus.studentregistrationform.TestStudentRegistrationFormTestNG@1176dcec]" started-at="2021-03-23T12:43:46 EET" name="submitForm" finished-at="2021-03-23T12:43:57 EET" duration-ms="11068" status="PASS">
          <reporter-output>
          </reporter-output>
        </test-method> <!-- submitForm -->
        <test-method signature="verifyMandatoryFields()[pri:0, instance:com.provectus.studentregistrationform.TestStudentRegistrationFormTestNG@1176dcec]" started-at="2021-03-23T12:43:57 EET" name="verifyMandatoryFields" finished-at="2021-03-23T12:43:58 EET" duration-ms="1055" status="PASS">
          <reporter-output>
          </reporter-output>
        </test-method> <!-- verifyMandatoryFields -->
        <test-method is-config="true" signature="cleanUp()[pri:0, instance:com.provectus.studentregistrationform.TestStudentRegistrationFormTestNG@1176dcec]" started-at="2021-03-23T12:43:58 EET" name="cleanUp" finished-at="2021-03-23T12:43:59 EET" duration-ms="726" status="PASS">
          <reporter-output>
          </reporter-output>
        </test-method> <!-- cleanUp -->
      </class> <!-- com.provectus.studentregistrationform.TestStudentRegistrationFormTestNG -->
    </test> <!-- Surefire test -->
  </suite> <!-- Surefire suite -->
</testng-results>
